<html>
<head>
<title>TestNG:  combined test 2</title>
<link href="../testng.css" rel="stylesheet" type="text/css" />
<link href="../my-testng.css" rel="stylesheet" type="text/css" />

<style type="text/css">
.log { display: none;} 
.stack-trace { display: none;} 
</style>
<script type="text/javascript">
<!--
function flip(e) {
  current = e.style.display;
  if (current == 'block') {
    e.style.display = 'none';
    return 0;
  }
  else {
    e.style.display = 'block';
    return 1;
  }
}

function toggleBox(szDivId, elem, msg1, msg2)
{
  var res = -1;  if (document.getElementById) {
    res = flip(document.getElementById(szDivId));
  }
  else if (document.all) {
    // this is the way old msie versions work
    res = flip(document.all[szDivId]);
  }
  if(elem) {
    if(res == 0) elem.innerHTML = msg1; else elem.innerHTML = msg2;
  }

}

function toggleAllBoxes() {
  if (document.getElementsByTagName) {
    d = document.getElementsByTagName('div');
    for (i = 0; i < d.length; i++) {
      if (d[i].className == 'log') {
        flip(d[i]);
      }
    }
  }
}

// -->
</script>

</head>
<body>
<h2 align='center'>combined test 2</h2><table border='1' align="center">
<tr>
<td>Tests passed/Failed/Skipped:</td><td>0/2/0</td>
</tr><tr>
<td>Started on:</td><td>Thu Sep 08 14:26:54 IST 2016</td>
</tr>
<tr><td>Total time:</td><td>6 seconds (6710 ms)</td>
</tr><tr>
<td>Included groups:</td><td></td>
</tr><tr>
<td>Excluded groups:</td><td></td>
</tr>
</table><p/>
<small><i>(Hover the method name to see the test class name)</i></small><p/>
<table width='100%' border='1' class='invocation-failed'>
<tr><td colspan='4' align='center'><b>FAILED CONFIGURATIONS</b></td></tr>
<tr><td><b>Test method</b></td>
<td width="30%"><b>Exception</b></td>
<td width="10%"><b>Time (seconds)</b></td>
<td><b>Instance</b></td>
</tr>
<tr>
<td title='learning_selenium_testcases.Firsttest.close_browser()'><b>close_browser</b><br>Test class: learning_selenium_testcases.Firsttest</td>
<td><div><pre>org.openqa.selenium.NoSuchWindowException: Window not found. The browser window may have been closed.
Command duration or timeout: 6 milliseconds
Build info: version: &apos;unknown&apos;, revision: &apos;2aa21c1&apos;, time: &apos;2016-08-02 14:59:43 -0700&apos;
System info: host: &apos;inrdivya.local&apos;, ip: &apos;10.133.22.112&apos;, os.name: &apos;Mac OS X&apos;, os.arch: &apos;x86_64&apos;, os.version: &apos;10.11.6&apos;, java.version: &apos;1.8.0_101&apos;
Driver info: org.openqa.selenium.firefox.FirefoxDriver
Capabilities [{applicationCacheEnabled=true, rotatable=false, handlesAlerts=true, databaseEnabled=true, version=30.0, platform=MAC, browserConnectionEnabled=true, nativeEvents=false, acceptSslCerts=true, webStorageEnabled=true, locationContextEnabled=true, browserName=firefox, takesScreenshot=true, javascriptEnabled=true, cssSelectorsEnabled=true}]
Session ID: ac030646-97ee-1847-a66c-92d74d706176
	at org.openqa.selenium.remote.ErrorHandler.createThrowable(ErrorHandler.java:206)
	at org.openqa.selenium.remote.ErrorHandler.throwIfResponseFailed(ErrorHandler.java:158)
	at org.openqa.selenium.remote.RemoteWebDriver.execute(RemoteWebDriver.java:683)
	at org.openqa.selenium.remote.RemoteWebDriver.execute(RemoteWebDriver.java:706)
	at org.openqa.selenium.remote.RemoteWebDriver.close(RemoteWebDriver.java:526)
	at learning_selenium_testcases.Firsttest.close_browser(Firsttest.java:75)
Caused by: org.openqa.selenium.NoSuchWindowException: Window not found. The browser window may have been closed.
Build info: version: &apos;unknown&apos;, revision: &apos;2aa21c1&apos;, time: &apos;2016-08-02 14:59:43 -0700&apos;
System info: host: &apos;inrdivya.local&apos;, ip: &apos;10.133.22.112&apos;, os.name: &apos;Mac OS X&apos;, os.arch: &apos;x86_64&apos;, os.version: &apos;10.11.6&apos;, java.version: &apos;1.8.0_101&apos;
Driver info: driver.version: unknown
	at &lt;anonymous class&gt;.nsCommandProcessor.prototype.execute(file:///var/folders/9x/0g2tgc69781972581972xqth0000gp/T/anonymous3670686623473726282webdriver-profile/extensions/fxdriver@googlecode.com/components/command-processor.js:12737)
	at &lt;anonymous class&gt;.Dispatcher.executeAs/&lt;(file:///var/folders/9x/0g2tgc69781972581972xqth0000gp/T/anonymous3670686623473726282webdriver-profile/extensions/fxdriver@googlecode.com/components/driver-component.js:10464)
	at &lt;anonymous class&gt;.Resource.prototype.handle(file:///var/folders/9x/0g2tgc69781972581972xqth0000gp/T/anonymous3670686623473726282webdriver-profile/extensions/fxdriver@googlecode.com/components/driver-component.js:10611)
	at &lt;anonymous class&gt;.Dispatcher.prototype.dispatch(file:///var/folders/9x/0g2tgc69781972581972xqth0000gp/T/anonymous3670686623473726282webdriver-profile/extensions/fxdriver@googlecode.com/components/driver-component.js:10558)
	at &lt;anonymous class&gt;.WebDriverServer/&lt;.handle(file:///var/folders/9x/0g2tgc69781972581972xqth0000gp/T/anonymous3670686623473726282webdriver-profile/extensions/fxdriver@googlecode.com/components/driver-component.js:12524)
	at &lt;anonymous class&gt;.createHandlerFunc/&lt;(file:///var/folders/9x/0g2tgc69781972581972xqth0000gp/T/anonymous3670686623473726282webdriver-profile/extensions/fxdriver@googlecode.com/components/httpd.js:2054)
	at &lt;anonymous class&gt;.ServerHandler.prototype.handleResponse(file:///var/folders/9x/0g2tgc69781972581972xqth0000gp/T/anonymous3670686623473726282webdriver-profile/extensions/fxdriver@googlecode.com/components/httpd.js:2387)
	at &lt;anonymous class&gt;.Connection.prototype.process(file:///var/folders/9x/0g2tgc69781972581972xqth0000gp/T/anonymous3670686623473726282webdriver-profile/extensions/fxdriver@googlecode.com/components/httpd.js:1223)
	at &lt;anonymous class&gt;.RequestReader.prototype._handleResponse(file:///var/folders/9x/0g2tgc69781972581972xqth0000gp/T/anonymous3670686623473726282webdriver-profile/extensions/fxdriver@googlecode.com/components/httpd.js:1677)
	at &lt;anonymous class&gt;.RequestReader.prototype._processBody(file:///var/folders/9x/0g2tgc69781972581972xqth0000gp/T/anonymous3670686623473726282webdriver-profile/extensions/fxdriver@googlecode.com/components/httpd.js:1525)
	at &lt;anonymous class&gt;.RequestReader.prototype.onInputStreamReady(file:///var/folders/9x/0g2tgc69781972581972xqth0000gp/T/anonymous3670686623473726282webdriver-profile/extensions/fxdriver@googlecode.com/components/httpd.js:1393)
... Removed 27 stack frames</pre></div><a href='#' onClick='toggleBox("stack-trace810267739", this, "Click to show all stack frames", "Click to hide stack frames")'>Click to show all stack frames</a>
<div class='stack-trace' id='stack-trace810267739'><pre>org.openqa.selenium.NoSuchWindowException: Window not found. The browser window may have been closed.
Command duration or timeout: 6 milliseconds
Build info: version: &apos;unknown&apos;, revision: &apos;2aa21c1&apos;, time: &apos;2016-08-02 14:59:43 -0700&apos;
System info: host: &apos;inrdivya.local&apos;, ip: &apos;10.133.22.112&apos;, os.name: &apos;Mac OS X&apos;, os.arch: &apos;x86_64&apos;, os.version: &apos;10.11.6&apos;, java.version: &apos;1.8.0_101&apos;
Driver info: org.openqa.selenium.firefox.FirefoxDriver
Capabilities [{applicationCacheEnabled=true, rotatable=false, handlesAlerts=true, databaseEnabled=true, version=30.0, platform=MAC, browserConnectionEnabled=true, nativeEvents=false, acceptSslCerts=true, webStorageEnabled=true, locationContextEnabled=true, browserName=firefox, takesScreenshot=true, javascriptEnabled=true, cssSelectorsEnabled=true}]
Session ID: ac030646-97ee-1847-a66c-92d74d706176
	at sun.reflect.NativeConstructorAccessorImpl.newInstance0(Native Method)
	at sun.reflect.NativeConstructorAccessorImpl.newInstance(NativeConstructorAccessorImpl.java:62)
	at sun.reflect.DelegatingConstructorAccessorImpl.newInstance(DelegatingConstructorAccessorImpl.java:45)
	at java.lang.reflect.Constructor.newInstance(Constructor.java:423)
	at org.openqa.selenium.remote.ErrorHandler.createThrowable(ErrorHandler.java:206)
	at org.openqa.selenium.remote.ErrorHandler.throwIfResponseFailed(ErrorHandler.java:158)
	at org.openqa.selenium.remote.RemoteWebDriver.execute(RemoteWebDriver.java:683)
	at org.openqa.selenium.remote.RemoteWebDriver.execute(RemoteWebDriver.java:706)
	at org.openqa.selenium.remote.RemoteWebDriver.close(RemoteWebDriver.java:526)
	at learning_selenium_testcases.Firsttest.close_browser(Firsttest.java:75)
	at sun.reflect.NativeMethodAccessorImpl.invoke0(Native Method)
	at sun.reflect.NativeMethodAccessorImpl.invoke(NativeMethodAccessorImpl.java:62)
	at sun.reflect.DelegatingMethodAccessorImpl.invoke(DelegatingMethodAccessorImpl.java:43)
	at java.lang.reflect.Method.invoke(Method.java:498)
	at org.testng.internal.MethodInvocationHelper.invokeMethod(MethodInvocationHelper.java:100)
	at org.testng.internal.Invoker.invokeConfigurationMethod(Invoker.java:515)
	at org.testng.internal.Invoker.invokeConfigurations(Invoker.java:216)
	at org.testng.internal.Invoker.invokeConfigurations(Invoker.java:143)
	at org.testng.TestRunner.afterRun(TestRunner.java:973)
	at org.testng.TestRunner.run(TestRunner.java:604)
	at org.testng.SuiteRunner.runTest(SuiteRunner.java:366)
	at org.testng.SuiteRunner.runSequentially(SuiteRunner.java:361)
	at org.testng.SuiteRunner.privateRun(SuiteRunner.java:319)
	at org.testng.SuiteRunner.run(SuiteRunner.java:268)
	at org.testng.SuiteRunnerWorker.runSuite(SuiteRunnerWorker.java:52)
	at org.testng.SuiteRunnerWorker.run(SuiteRunnerWorker.java:86)
	at org.testng.TestNG.runSuitesSequentially(TestNG.java:1264)
	at org.testng.TestNG.runSuitesLocally(TestNG.java:1189)
	at org.testng.TestNG.runSuites(TestNG.java:1104)
	at org.testng.TestNG.run(TestNG.java:1076)
	at org.testng.remote.AbstractRemoteTestNG.run(AbstractRemoteTestNG.java:126)
	at org.testng.remote.RemoteTestNG.initAndRun(RemoteTestNG.java:152)
	at org.testng.remote.RemoteTestNG.main(RemoteTestNG.java:57)
Caused by: org.openqa.selenium.NoSuchWindowException: Window not found. The browser window may have been closed.
Build info: version: &apos;unknown&apos;, revision: &apos;2aa21c1&apos;, time: &apos;2016-08-02 14:59:43 -0700&apos;
System info: host: &apos;inrdivya.local&apos;, ip: &apos;10.133.22.112&apos;, os.name: &apos;Mac OS X&apos;, os.arch: &apos;x86_64&apos;, os.version: &apos;10.11.6&apos;, java.version: &apos;1.8.0_101&apos;
Driver info: driver.version: unknown
	at &lt;anonymous class&gt;.nsCommandProcessor.prototype.execute(file:///var/folders/9x/0g2tgc69781972581972xqth0000gp/T/anonymous3670686623473726282webdriver-profile/extensions/fxdriver@googlecode.com/components/command-processor.js:12737)
	at &lt;anonymous class&gt;.Dispatcher.executeAs/&lt;(file:///var/folders/9x/0g2tgc69781972581972xqth0000gp/T/anonymous3670686623473726282webdriver-profile/extensions/fxdriver@googlecode.com/components/driver-component.js:10464)
	at &lt;anonymous class&gt;.Resource.prototype.handle(file:///var/folders/9x/0g2tgc69781972581972xqth0000gp/T/anonymous3670686623473726282webdriver-profile/extensions/fxdriver@googlecode.com/components/driver-component.js:10611)
	at &lt;anonymous class&gt;.Dispatcher.prototype.dispatch(file:///var/folders/9x/0g2tgc69781972581972xqth0000gp/T/anonymous3670686623473726282webdriver-profile/extensions/fxdriver@googlecode.com/components/driver-component.js:10558)
	at &lt;anonymous class&gt;.WebDriverServer/&lt;.handle(file:///var/folders/9x/0g2tgc69781972581972xqth0000gp/T/anonymous3670686623473726282webdriver-profile/extensions/fxdriver@googlecode.com/components/driver-component.js:12524)
	at &lt;anonymous class&gt;.createHandlerFunc/&lt;(file:///var/folders/9x/0g2tgc69781972581972xqth0000gp/T/anonymous3670686623473726282webdriver-profile/extensions/fxdriver@googlecode.com/components/httpd.js:2054)
	at &lt;anonymous class&gt;.ServerHandler.prototype.handleResponse(file:///var/folders/9x/0g2tgc69781972581972xqth0000gp/T/anonymous3670686623473726282webdriver-profile/extensions/fxdriver@googlecode.com/components/httpd.js:2387)
	at &lt;anonymous class&gt;.Connection.prototype.process(file:///var/folders/9x/0g2tgc69781972581972xqth0000gp/T/anonymous3670686623473726282webdriver-profile/extensions/fxdriver@googlecode.com/components/httpd.js:1223)
	at &lt;anonymous class&gt;.RequestReader.prototype._handleResponse(file:///var/folders/9x/0g2tgc69781972581972xqth0000gp/T/anonymous3670686623473726282webdriver-profile/extensions/fxdriver@googlecode.com/components/httpd.js:1677)
	at &lt;anonymous class&gt;.RequestReader.prototype._processBody(file:///var/folders/9x/0g2tgc69781972581972xqth0000gp/T/anonymous3670686623473726282webdriver-profile/extensions/fxdriver@googlecode.com/components/httpd.js:1525)
	at &lt;anonymous class&gt;.RequestReader.prototype.onInputStreamReady(file:///var/folders/9x/0g2tgc69781972581972xqth0000gp/T/anonymous3670686623473726282webdriver-profile/extensions/fxdriver@googlecode.com/components/httpd.js:1393)
</pre></div></td>
<td>0</td>
<td>null</td></tr>
</table><p>
<table width='100%' border='1' class='invocation-failed'>
<tr><td colspan='4' align='center'><b>FAILED TESTS</b></td></tr>
<tr><td><b>Test method</b></td>
<td width="30%"><b>Exception</b></td>
<td width="10%"><b>Time (seconds)</b></td>
<td><b>Instance</b></td>
</tr>
<tr>
<td title='learning_selenium_testcases.CombinedTest.businessFlowOne()'><b>businessFlowOne</b><br>Test class: learning_selenium_testcases.CombinedTest<br>Parameters: divyarakhiani7@gmail.com, rakhiani</td>
<td><div><pre>org.openqa.selenium.NoSuchWindowException: Window not found. The browser window may have been closed.
Command duration or timeout: 8 milliseconds
Build info: version: &apos;unknown&apos;, revision: &apos;2aa21c1&apos;, time: &apos;2016-08-02 14:59:43 -0700&apos;
System info: host: &apos;inrdivya.local&apos;, ip: &apos;10.133.22.112&apos;, os.name: &apos;Mac OS X&apos;, os.arch: &apos;x86_64&apos;, os.version: &apos;10.11.6&apos;, java.version: &apos;1.8.0_101&apos;
Driver info: org.openqa.selenium.firefox.FirefoxDriver
Capabilities [{applicationCacheEnabled=true, rotatable=false, handlesAlerts=true, databaseEnabled=true, version=30.0, platform=MAC, browserConnectionEnabled=true, nativeEvents=false, acceptSslCerts=true, webStorageEnabled=true, locationContextEnabled=true, browserName=firefox, takesScreenshot=true, javascriptEnabled=true, cssSelectorsEnabled=true}]
Session ID: ac030646-97ee-1847-a66c-92d74d706176
	at org.openqa.selenium.remote.ErrorHandler.createThrowable(ErrorHandler.java:206)
	at org.openqa.selenium.remote.ErrorHandler.throwIfResponseFailed(ErrorHandler.java:158)
	at org.openqa.selenium.remote.RemoteWebDriver.execute(RemoteWebDriver.java:683)
	at org.openqa.selenium.remote.RemoteWebDriver.execute(RemoteWebDriver.java:706)
	at org.openqa.selenium.remote.RemoteWebDriver.getTitle(RemoteWebDriver.java:335)
	at learning_selenium_testcases.Firsttest.verifyPagesTest(Firsttest.java:41)
	at learning_selenium_testcases.CombinedTest.businessFlowOne(CombinedTest.java:87)
Caused by: org.openqa.selenium.NoSuchWindowException: Window not found. The browser window may have been closed.
Build info: version: &apos;unknown&apos;, revision: &apos;2aa21c1&apos;, time: &apos;2016-08-02 14:59:43 -0700&apos;
System info: host: &apos;inrdivya.local&apos;, ip: &apos;10.133.22.112&apos;, os.name: &apos;Mac OS X&apos;, os.arch: &apos;x86_64&apos;, os.version: &apos;10.11.6&apos;, java.version: &apos;1.8.0_101&apos;
Driver info: driver.version: unknown
	at &lt;anonymous class&gt;.nsCommandProcessor.prototype.execute(file:///var/folders/9x/0g2tgc69781972581972xqth0000gp/T/anonymous3670686623473726282webdriver-profile/extensions/fxdriver@googlecode.com/components/command-processor.js:12737)
	at &lt;anonymous class&gt;.Dispatcher.executeAs/&lt;(file:///var/folders/9x/0g2tgc69781972581972xqth0000gp/T/anonymous3670686623473726282webdriver-profile/extensions/fxdriver@googlecode.com/components/driver-component.js:10464)
	at &lt;anonymous class&gt;.Resource.prototype.handle(file:///var/folders/9x/0g2tgc69781972581972xqth0000gp/T/anonymous3670686623473726282webdriver-profile/extensions/fxdriver@googlecode.com/components/driver-component.js:10611)
	at &lt;anonymous class&gt;.Dispatcher.prototype.dispatch(file:///var/folders/9x/0g2tgc69781972581972xqth0000gp/T/anonymous3670686623473726282webdriver-profile/extensions/fxdriver@googlecode.com/components/driver-component.js:10558)
	at &lt;anonymous class&gt;.WebDriverServer/&lt;.handle(file:///var/folders/9x/0g2tgc69781972581972xqth0000gp/T/anonymous3670686623473726282webdriver-profile/extensions/fxdriver@googlecode.com/components/driver-component.js:12524)
	at &lt;anonymous class&gt;.createHandlerFunc/&lt;(file:///var/folders/9x/0g2tgc69781972581972xqth0000gp/T/anonymous3670686623473726282webdriver-profile/extensions/fxdriver@googlecode.com/components/httpd.js:2054)
	at &lt;anonymous class&gt;.ServerHandler.prototype.handleResponse(file:///var/folders/9x/0g2tgc69781972581972xqth0000gp/T/anonymous3670686623473726282webdriver-profile/extensions/fxdriver@googlecode.com/components/httpd.js:2387)
	at &lt;anonymous class&gt;.Connection.prototype.process(file:///var/folders/9x/0g2tgc69781972581972xqth0000gp/T/anonymous3670686623473726282webdriver-profile/extensions/fxdriver@googlecode.com/components/httpd.js:1223)
	at &lt;anonymous class&gt;.RequestReader.prototype._handleResponse(file:///var/folders/9x/0g2tgc69781972581972xqth0000gp/T/anonymous3670686623473726282webdriver-profile/extensions/fxdriver@googlecode.com/components/httpd.js:1677)
	at &lt;anonymous class&gt;.RequestReader.prototype._processBody(file:///var/folders/9x/0g2tgc69781972581972xqth0000gp/T/anonymous3670686623473726282webdriver-profile/extensions/fxdriver@googlecode.com/components/httpd.js:1525)
	at &lt;anonymous class&gt;.RequestReader.prototype.onInputStreamReady(file:///var/folders/9x/0g2tgc69781972581972xqth0000gp/T/anonymous3670686623473726282webdriver-profile/extensions/fxdriver@googlecode.com/components/httpd.js:1393)
... Removed 29 stack frames</pre></div><a href='#' onClick='toggleBox("stack-trace426960147", this, "Click to show all stack frames", "Click to hide stack frames")'>Click to show all stack frames</a>
<div class='stack-trace' id='stack-trace426960147'><pre>org.openqa.selenium.NoSuchWindowException: Window not found. The browser window may have been closed.
Command duration or timeout: 8 milliseconds
Build info: version: &apos;unknown&apos;, revision: &apos;2aa21c1&apos;, time: &apos;2016-08-02 14:59:43 -0700&apos;
System info: host: &apos;inrdivya.local&apos;, ip: &apos;10.133.22.112&apos;, os.name: &apos;Mac OS X&apos;, os.arch: &apos;x86_64&apos;, os.version: &apos;10.11.6&apos;, java.version: &apos;1.8.0_101&apos;
Driver info: org.openqa.selenium.firefox.FirefoxDriver
Capabilities [{applicationCacheEnabled=true, rotatable=false, handlesAlerts=true, databaseEnabled=true, version=30.0, platform=MAC, browserConnectionEnabled=true, nativeEvents=false, acceptSslCerts=true, webStorageEnabled=true, locationContextEnabled=true, browserName=firefox, takesScreenshot=true, javascriptEnabled=true, cssSelectorsEnabled=true}]
Session ID: ac030646-97ee-1847-a66c-92d74d706176
	at sun.reflect.NativeConstructorAccessorImpl.newInstance0(Native Method)
	at sun.reflect.NativeConstructorAccessorImpl.newInstance(NativeConstructorAccessorImpl.java:62)
	at sun.reflect.DelegatingConstructorAccessorImpl.newInstance(DelegatingConstructorAccessorImpl.java:45)
	at java.lang.reflect.Constructor.newInstance(Constructor.java:423)
	at org.openqa.selenium.remote.ErrorHandler.createThrowable(ErrorHandler.java:206)
	at org.openqa.selenium.remote.ErrorHandler.throwIfResponseFailed(ErrorHandler.java:158)
	at org.openqa.selenium.remote.RemoteWebDriver.execute(RemoteWebDriver.java:683)
	at org.openqa.selenium.remote.RemoteWebDriver.execute(RemoteWebDriver.java:706)
	at org.openqa.selenium.remote.RemoteWebDriver.getTitle(RemoteWebDriver.java:335)
	at learning_selenium_testcases.Firsttest.verifyPagesTest(Firsttest.java:41)
	at learning_selenium_testcases.CombinedTest.businessFlowOne(CombinedTest.java:87)
	at sun.reflect.NativeMethodAccessorImpl.invoke0(Native Method)
	at sun.reflect.NativeMethodAccessorImpl.invoke(NativeMethodAccessorImpl.java:62)
	at sun.reflect.DelegatingMethodAccessorImpl.invoke(DelegatingMethodAccessorImpl.java:43)
	at java.lang.reflect.Method.invoke(Method.java:498)
	at org.testng.internal.MethodInvocationHelper.invokeMethod(MethodInvocationHelper.java:100)
	at org.testng.internal.Invoker.invokeMethod(Invoker.java:646)
	at org.testng.internal.Invoker.invokeTestMethod(Invoker.java:811)
	at org.testng.internal.Invoker.invokeTestMethods(Invoker.java:1129)
	at org.testng.internal.TestMethodWorker.invokeTestMethods(TestMethodWorker.java:129)
	at org.testng.internal.TestMethodWorker.run(TestMethodWorker.java:112)
	at org.testng.TestRunner.privateRun(TestRunner.java:746)
	at org.testng.TestRunner.run(TestRunner.java:600)
	at org.testng.SuiteRunner.runTest(SuiteRunner.java:366)
	at org.testng.SuiteRunner.runSequentially(SuiteRunner.java:361)
	at org.testng.SuiteRunner.privateRun(SuiteRunner.java:319)
	at org.testng.SuiteRunner.run(SuiteRunner.java:268)
	at org.testng.SuiteRunnerWorker.runSuite(SuiteRunnerWorker.java:52)
	at org.testng.SuiteRunnerWorker.run(SuiteRunnerWorker.java:86)
	at org.testng.TestNG.runSuitesSequentially(TestNG.java:1264)
	at org.testng.TestNG.runSuitesLocally(TestNG.java:1189)
	at org.testng.TestNG.runSuites(TestNG.java:1104)
	at org.testng.TestNG.run(TestNG.java:1076)
	at org.testng.remote.AbstractRemoteTestNG.run(AbstractRemoteTestNG.java:126)
	at org.testng.remote.RemoteTestNG.initAndRun(RemoteTestNG.java:152)
	at org.testng.remote.RemoteTestNG.main(RemoteTestNG.java:57)
Caused by: org.openqa.selenium.NoSuchWindowException: Window not found. The browser window may have been closed.
Build info: version: &apos;unknown&apos;, revision: &apos;2aa21c1&apos;, time: &apos;2016-08-02 14:59:43 -0700&apos;
System info: host: &apos;inrdivya.local&apos;, ip: &apos;10.133.22.112&apos;, os.name: &apos;Mac OS X&apos;, os.arch: &apos;x86_64&apos;, os.version: &apos;10.11.6&apos;, java.version: &apos;1.8.0_101&apos;
Driver info: driver.version: unknown
	at &lt;anonymous class&gt;.nsCommandProcessor.prototype.execute(file:///var/folders/9x/0g2tgc69781972581972xqth0000gp/T/anonymous3670686623473726282webdriver-profile/extensions/fxdriver@googlecode.com/components/command-processor.js:12737)
	at &lt;anonymous class&gt;.Dispatcher.executeAs/&lt;(file:///var/folders/9x/0g2tgc69781972581972xqth0000gp/T/anonymous3670686623473726282webdriver-profile/extensions/fxdriver@googlecode.com/components/driver-component.js:10464)
	at &lt;anonymous class&gt;.Resource.prototype.handle(file:///var/folders/9x/0g2tgc69781972581972xqth0000gp/T/anonymous3670686623473726282webdriver-profile/extensions/fxdriver@googlecode.com/components/driver-component.js:10611)
	at &lt;anonymous class&gt;.Dispatcher.prototype.dispatch(file:///var/folders/9x/0g2tgc69781972581972xqth0000gp/T/anonymous3670686623473726282webdriver-profile/extensions/fxdriver@googlecode.com/components/driver-component.js:10558)
	at &lt;anonymous class&gt;.WebDriverServer/&lt;.handle(file:///var/folders/9x/0g2tgc69781972581972xqth0000gp/T/anonymous3670686623473726282webdriver-profile/extensions/fxdriver@googlecode.com/components/driver-component.js:12524)
	at &lt;anonymous class&gt;.createHandlerFunc/&lt;(file:///var/folders/9x/0g2tgc69781972581972xqth0000gp/T/anonymous3670686623473726282webdriver-profile/extensions/fxdriver@googlecode.com/components/httpd.js:2054)
	at &lt;anonymous class&gt;.ServerHandler.prototype.handleResponse(file:///var/folders/9x/0g2tgc69781972581972xqth0000gp/T/anonymous3670686623473726282webdriver-profile/extensions/fxdriver@googlecode.com/components/httpd.js:2387)
	at &lt;anonymous class&gt;.Connection.prototype.process(file:///var/folders/9x/0g2tgc69781972581972xqth0000gp/T/anonymous3670686623473726282webdriver-profile/extensions/fxdriver@googlecode.com/components/httpd.js:1223)
	at &lt;anonymous class&gt;.RequestReader.prototype._handleResponse(file:///var/folders/9x/0g2tgc69781972581972xqth0000gp/T/anonymous3670686623473726282webdriver-profile/extensions/fxdriver@googlecode.com/components/httpd.js:1677)
	at &lt;anonymous class&gt;.RequestReader.prototype._processBody(file:///var/folders/9x/0g2tgc69781972581972xqth0000gp/T/anonymous3670686623473726282webdriver-profile/extensions/fxdriver@googlecode.com/components/httpd.js:1525)
	at &lt;anonymous class&gt;.RequestReader.prototype.onInputStreamReady(file:///var/folders/9x/0g2tgc69781972581972xqth0000gp/T/anonymous3670686623473726282webdriver-profile/extensions/fxdriver@googlecode.com/components/httpd.js:1393)
</pre></div></td>
<td>5</td>
<td>learning_selenium_testcases.CombinedTest@4501b7af</td></tr>
<tr>
<td title='learning_selenium_testcases.CombinedTest.businessFlowOne()'><b>businessFlowOne</b><br>Test class: learning_selenium_testcases.CombinedTest<br>Parameters: divyarakhiani@gmail.com, rakhiani1</td>
<td><div><pre>org.openqa.selenium.NoSuchWindowException: Window not found. The browser window may have been closed.
Command duration or timeout: 7 milliseconds
Build info: version: &apos;unknown&apos;, revision: &apos;2aa21c1&apos;, time: &apos;2016-08-02 14:59:43 -0700&apos;
System info: host: &apos;inrdivya.local&apos;, ip: &apos;10.133.22.112&apos;, os.name: &apos;Mac OS X&apos;, os.arch: &apos;x86_64&apos;, os.version: &apos;10.11.6&apos;, java.version: &apos;1.8.0_101&apos;
Driver info: org.openqa.selenium.firefox.FirefoxDriver
Capabilities [{applicationCacheEnabled=true, rotatable=false, handlesAlerts=true, databaseEnabled=true, version=30.0, platform=MAC, browserConnectionEnabled=true, nativeEvents=false, acceptSslCerts=true, webStorageEnabled=true, locationContextEnabled=true, browserName=firefox, takesScreenshot=true, javascriptEnabled=true, cssSelectorsEnabled=true}]
Session ID: ac030646-97ee-1847-a66c-92d74d706176
	at org.openqa.selenium.remote.ErrorHandler.createThrowable(ErrorHandler.java:206)
	at org.openqa.selenium.remote.ErrorHandler.throwIfResponseFailed(ErrorHandler.java:158)
	at org.openqa.selenium.remote.RemoteWebDriver.execute(RemoteWebDriver.java:683)
	at org.openqa.selenium.remote.RemoteWebDriver.get(RemoteWebDriver.java:331)
	at learning_selenium_testcases.CombinedTest.businessFlowOne(CombinedTest.java:74)
Caused by: org.openqa.selenium.NoSuchWindowException: Window not found. The browser window may have been closed.
Build info: version: &apos;unknown&apos;, revision: &apos;2aa21c1&apos;, time: &apos;2016-08-02 14:59:43 -0700&apos;
System info: host: &apos;inrdivya.local&apos;, ip: &apos;10.133.22.112&apos;, os.name: &apos;Mac OS X&apos;, os.arch: &apos;x86_64&apos;, os.version: &apos;10.11.6&apos;, java.version: &apos;1.8.0_101&apos;
Driver info: driver.version: unknown
	at &lt;anonymous class&gt;.nsCommandProcessor.prototype.execute(file:///var/folders/9x/0g2tgc69781972581972xqth0000gp/T/anonymous3670686623473726282webdriver-profile/extensions/fxdriver@googlecode.com/components/command-processor.js:12737)
	at &lt;anonymous class&gt;.Dispatcher.executeAs/&lt;(file:///var/folders/9x/0g2tgc69781972581972xqth0000gp/T/anonymous3670686623473726282webdriver-profile/extensions/fxdriver@googlecode.com/components/driver-component.js:10464)
	at &lt;anonymous class&gt;.Resource.prototype.handle(file:///var/folders/9x/0g2tgc69781972581972xqth0000gp/T/anonymous3670686623473726282webdriver-profile/extensions/fxdriver@googlecode.com/components/driver-component.js:10611)
	at &lt;anonymous class&gt;.Dispatcher.prototype.dispatch(file:///var/folders/9x/0g2tgc69781972581972xqth0000gp/T/anonymous3670686623473726282webdriver-profile/extensions/fxdriver@googlecode.com/components/driver-component.js:10558)
	at &lt;anonymous class&gt;.WebDriverServer/&lt;.handle(file:///var/folders/9x/0g2tgc69781972581972xqth0000gp/T/anonymous3670686623473726282webdriver-profile/extensions/fxdriver@googlecode.com/components/driver-component.js:12524)
	at &lt;anonymous class&gt;.createHandlerFunc/&lt;(file:///var/folders/9x/0g2tgc69781972581972xqth0000gp/T/anonymous3670686623473726282webdriver-profile/extensions/fxdriver@googlecode.com/components/httpd.js:2054)
	at &lt;anonymous class&gt;.ServerHandler.prototype.handleResponse(file:///var/folders/9x/0g2tgc69781972581972xqth0000gp/T/anonymous3670686623473726282webdriver-profile/extensions/fxdriver@googlecode.com/components/httpd.js:2387)
	at &lt;anonymous class&gt;.Connection.prototype.process(file:///var/folders/9x/0g2tgc69781972581972xqth0000gp/T/anonymous3670686623473726282webdriver-profile/extensions/fxdriver@googlecode.com/components/httpd.js:1223)
	at &lt;anonymous class&gt;.RequestReader.prototype._handleResponse(file:///var/folders/9x/0g2tgc69781972581972xqth0000gp/T/anonymous3670686623473726282webdriver-profile/extensions/fxdriver@googlecode.com/components/httpd.js:1677)
	at &lt;anonymous class&gt;.RequestReader.prototype._processBody(file:///var/folders/9x/0g2tgc69781972581972xqth0000gp/T/anonymous3670686623473726282webdriver-profile/extensions/fxdriver@googlecode.com/components/httpd.js:1525)
	at &lt;anonymous class&gt;.RequestReader.prototype.onInputStreamReady(file:///var/folders/9x/0g2tgc69781972581972xqth0000gp/T/anonymous3670686623473726282webdriver-profile/extensions/fxdriver@googlecode.com/components/httpd.js:1393)
... Removed 29 stack frames</pre></div><a href='#' onClick='toggleBox("stack-trace1863374262", this, "Click to show all stack frames", "Click to hide stack frames")'>Click to show all stack frames</a>
<div class='stack-trace' id='stack-trace1863374262'><pre>org.openqa.selenium.NoSuchWindowException: Window not found. The browser window may have been closed.
Command duration or timeout: 7 milliseconds
Build info: version: &apos;unknown&apos;, revision: &apos;2aa21c1&apos;, time: &apos;2016-08-02 14:59:43 -0700&apos;
System info: host: &apos;inrdivya.local&apos;, ip: &apos;10.133.22.112&apos;, os.name: &apos;Mac OS X&apos;, os.arch: &apos;x86_64&apos;, os.version: &apos;10.11.6&apos;, java.version: &apos;1.8.0_101&apos;
Driver info: org.openqa.selenium.firefox.FirefoxDriver
Capabilities [{applicationCacheEnabled=true, rotatable=false, handlesAlerts=true, databaseEnabled=true, version=30.0, platform=MAC, browserConnectionEnabled=true, nativeEvents=false, acceptSslCerts=true, webStorageEnabled=true, locationContextEnabled=true, browserName=firefox, takesScreenshot=true, javascriptEnabled=true, cssSelectorsEnabled=true}]
Session ID: ac030646-97ee-1847-a66c-92d74d706176
	at sun.reflect.NativeConstructorAccessorImpl.newInstance0(Native Method)
	at sun.reflect.NativeConstructorAccessorImpl.newInstance(NativeConstructorAccessorImpl.java:62)
	at sun.reflect.DelegatingConstructorAccessorImpl.newInstance(DelegatingConstructorAccessorImpl.java:45)
	at java.lang.reflect.Constructor.newInstance(Constructor.java:423)
	at org.openqa.selenium.remote.ErrorHandler.createThrowable(ErrorHandler.java:206)
	at org.openqa.selenium.remote.ErrorHandler.throwIfResponseFailed(ErrorHandler.java:158)
	at org.openqa.selenium.remote.RemoteWebDriver.execute(RemoteWebDriver.java:683)
	at org.openqa.selenium.remote.RemoteWebDriver.get(RemoteWebDriver.java:331)
	at learning_selenium_testcases.CombinedTest.businessFlowOne(CombinedTest.java:74)
	at sun.reflect.NativeMethodAccessorImpl.invoke0(Native Method)
	at sun.reflect.NativeMethodAccessorImpl.invoke(NativeMethodAccessorImpl.java:62)
	at sun.reflect.DelegatingMethodAccessorImpl.invoke(DelegatingMethodAccessorImpl.java:43)
	at java.lang.reflect.Method.invoke(Method.java:498)
	at org.testng.internal.MethodInvocationHelper.invokeMethod(MethodInvocationHelper.java:100)
	at org.testng.internal.Invoker.invokeMethod(Invoker.java:646)
	at org.testng.internal.Invoker.invokeTestMethod(Invoker.java:811)
	at org.testng.internal.Invoker.invokeTestMethods(Invoker.java:1129)
	at org.testng.internal.TestMethodWorker.invokeTestMethods(TestMethodWorker.java:129)
	at org.testng.internal.TestMethodWorker.run(TestMethodWorker.java:112)
	at org.testng.TestRunner.privateRun(TestRunner.java:746)
	at org.testng.TestRunner.run(TestRunner.java:600)
	at org.testng.SuiteRunner.runTest(SuiteRunner.java:366)
	at org.testng.SuiteRunner.runSequentially(SuiteRunner.java:361)
	at org.testng.SuiteRunner.privateRun(SuiteRunner.java:319)
	at org.testng.SuiteRunner.run(SuiteRunner.java:268)
	at org.testng.SuiteRunnerWorker.runSuite(SuiteRunnerWorker.java:52)
	at org.testng.SuiteRunnerWorker.run(SuiteRunnerWorker.java:86)
	at org.testng.TestNG.runSuitesSequentially(TestNG.java:1264)
	at org.testng.TestNG.runSuitesLocally(TestNG.java:1189)
	at org.testng.TestNG.runSuites(TestNG.java:1104)
	at org.testng.TestNG.run(TestNG.java:1076)
	at org.testng.remote.AbstractRemoteTestNG.run(AbstractRemoteTestNG.java:126)
	at org.testng.remote.RemoteTestNG.initAndRun(RemoteTestNG.java:152)
	at org.testng.remote.RemoteTestNG.main(RemoteTestNG.java:57)
Caused by: org.openqa.selenium.NoSuchWindowException: Window not found. The browser window may have been closed.
Build info: version: &apos;unknown&apos;, revision: &apos;2aa21c1&apos;, time: &apos;2016-08-02 14:59:43 -0700&apos;
System info: host: &apos;inrdivya.local&apos;, ip: &apos;10.133.22.112&apos;, os.name: &apos;Mac OS X&apos;, os.arch: &apos;x86_64&apos;, os.version: &apos;10.11.6&apos;, java.version: &apos;1.8.0_101&apos;
Driver info: driver.version: unknown
	at &lt;anonymous class&gt;.nsCommandProcessor.prototype.execute(file:///var/folders/9x/0g2tgc69781972581972xqth0000gp/T/anonymous3670686623473726282webdriver-profile/extensions/fxdriver@googlecode.com/components/command-processor.js:12737)
	at &lt;anonymous class&gt;.Dispatcher.executeAs/&lt;(file:///var/folders/9x/0g2tgc69781972581972xqth0000gp/T/anonymous3670686623473726282webdriver-profile/extensions/fxdriver@googlecode.com/components/driver-component.js:10464)
	at &lt;anonymous class&gt;.Resource.prototype.handle(file:///var/folders/9x/0g2tgc69781972581972xqth0000gp/T/anonymous3670686623473726282webdriver-profile/extensions/fxdriver@googlecode.com/components/driver-component.js:10611)
	at &lt;anonymous class&gt;.Dispatcher.prototype.dispatch(file:///var/folders/9x/0g2tgc69781972581972xqth0000gp/T/anonymous3670686623473726282webdriver-profile/extensions/fxdriver@googlecode.com/components/driver-component.js:10558)
	at &lt;anonymous class&gt;.WebDriverServer/&lt;.handle(file:///var/folders/9x/0g2tgc69781972581972xqth0000gp/T/anonymous3670686623473726282webdriver-profile/extensions/fxdriver@googlecode.com/components/driver-component.js:12524)
	at &lt;anonymous class&gt;.createHandlerFunc/&lt;(file:///var/folders/9x/0g2tgc69781972581972xqth0000gp/T/anonymous3670686623473726282webdriver-profile/extensions/fxdriver@googlecode.com/components/httpd.js:2054)
	at &lt;anonymous class&gt;.ServerHandler.prototype.handleResponse(file:///var/folders/9x/0g2tgc69781972581972xqth0000gp/T/anonymous3670686623473726282webdriver-profile/extensions/fxdriver@googlecode.com/components/httpd.js:2387)
	at &lt;anonymous class&gt;.Connection.prototype.process(file:///var/folders/9x/0g2tgc69781972581972xqth0000gp/T/anonymous3670686623473726282webdriver-profile/extensions/fxdriver@googlecode.com/components/httpd.js:1223)
	at &lt;anonymous class&gt;.RequestReader.prototype._handleResponse(file:///var/folders/9x/0g2tgc69781972581972xqth0000gp/T/anonymous3670686623473726282webdriver-profile/extensions/fxdriver@googlecode.com/components/httpd.js:1677)
	at &lt;anonymous class&gt;.RequestReader.prototype._processBody(file:///var/folders/9x/0g2tgc69781972581972xqth0000gp/T/anonymous3670686623473726282webdriver-profile/extensions/fxdriver@googlecode.com/components/httpd.js:1525)
	at &lt;anonymous class&gt;.RequestReader.prototype.onInputStreamReady(file:///var/folders/9x/0g2tgc69781972581972xqth0000gp/T/anonymous3670686623473726282webdriver-profile/extensions/fxdriver@googlecode.com/components/httpd.js:1393)
</pre></div></td>
<td>0</td>
<td>learning_selenium_testcases.CombinedTest@4501b7af</td></tr>
</table><p>
</body>
</html>