<?xml version="1.0" encoding="UTF-8"?>
<!-- Generated by org.testng.reporters.JUnitXMLReporter -->
<testsuite hostname="inrdivya.local" name="combined test 2" tests="2" failures="2" timestamp="8 Sep 2016 08:57:01 GMT" time="6.71" errors="0">
  <testcase name="@AfterTest close_browser" time="0.0" classname="learning_selenium_testcases.Firsttest">
    <failure type="org.openqa.selenium.NoSuchWindowException" message="Window not found. The browser window may have been closed.
Command duration or timeout: 6 milliseconds
Build info: version: &amp;apos;unknown&amp;apos;, revision: &amp;apos;2aa21c1&amp;apos;, time: &amp;apos;2016-08-02 14:59:43 -0700&amp;apos;
System info: host: &amp;apos;inrdivya.local&amp;apos;, ip: &amp;apos;10.133.22.112&amp;apos;, os.name: &amp;apos;Mac OS X&amp;apos;, os.arch: &amp;apos;x86_64&amp;apos;, os.version: &amp;apos;10.11.6&amp;apos;, java.version: &amp;apos;1.8.0_101&amp;apos;
Driver info: org.openqa.selenium.firefox.FirefoxDriver
Capabilities [{applicationCacheEnabled=true, rotatable=false, handlesAlerts=true, databaseEnabled=true, version=30.0, platform=MAC, browserConnectionEnabled=true, nativeEvents=false, acceptSslCerts=true, webStorageEnabled=true, locationContextEnabled=true, browserName=firefox, takesScreenshot=true, javascriptEnabled=true, cssSelectorsEnabled=true}]
Session ID: ac030646-97ee-1847-a66c-92d74d706176">
      <![CDATA[org.openqa.selenium.NoSuchWindowException: Window not found. The browser window may have been closed.
Command duration or timeout: 6 milliseconds
Build info: version: 'unknown', revision: '2aa21c1', time: '2016-08-02 14:59:43 -0700'
System info: host: 'inrdivya.local', ip: '10.133.22.112', os.name: 'Mac OS X', os.arch: 'x86_64', os.version: '10.11.6', java.version: '1.8.0_101'
Driver info: org.openqa.selenium.firefox.FirefoxDriver
Capabilities [{applicationCacheEnabled=true, rotatable=false, handlesAlerts=true, databaseEnabled=true, version=30.0, platform=MAC, browserConnectionEnabled=true, nativeEvents=false, acceptSslCerts=true, webStorageEnabled=true, locationContextEnabled=true, browserName=firefox, takesScreenshot=true, javascriptEnabled=true, cssSelectorsEnabled=true}]
Session ID: ac030646-97ee-1847-a66c-92d74d706176
	at org.openqa.selenium.remote.ErrorHandler.createThrowable(ErrorHandler.java:206)
	at org.openqa.selenium.remote.ErrorHandler.throwIfResponseFailed(ErrorHandler.java:158)
	at org.openqa.selenium.remote.RemoteWebDriver.execute(RemoteWebDriver.java:683)
	at org.openqa.selenium.remote.RemoteWebDriver.execute(RemoteWebDriver.java:706)
	at org.openqa.selenium.remote.RemoteWebDriver.close(RemoteWebDriver.java:526)
	at learning_selenium_testcases.Firsttest.close_browser(Firsttest.java:75)
Caused by: org.openqa.selenium.NoSuchWindowException: Window not found. The browser window may have been closed.
Build info: version: 'unknown', revision: '2aa21c1', time: '2016-08-02 14:59:43 -0700'
System info: host: 'inrdivya.local', ip: '10.133.22.112', os.name: 'Mac OS X', os.arch: 'x86_64', os.version: '10.11.6', java.version: '1.8.0_101'
Driver info: driver.version: unknown
	at <anonymous class>.nsCommandProcessor.prototype.execute(file:///var/folders/9x/0g2tgc69781972581972xqth0000gp/T/anonymous3670686623473726282webdriver-profile/extensions/fxdriver@googlecode.com/components/command-processor.js:12737)
	at <anonymous class>.Dispatcher.executeAs/<(file:///var/folders/9x/0g2tgc69781972581972xqth0000gp/T/anonymous3670686623473726282webdriver-profile/extensions/fxdriver@googlecode.com/components/driver-component.js:10464)
	at <anonymous class>.Resource.prototype.handle(file:///var/folders/9x/0g2tgc69781972581972xqth0000gp/T/anonymous3670686623473726282webdriver-profile/extensions/fxdriver@googlecode.com/components/driver-component.js:10611)
	at <anonymous class>.Dispatcher.prototype.dispatch(file:///var/folders/9x/0g2tgc69781972581972xqth0000gp/T/anonymous3670686623473726282webdriver-profile/extensions/fxdriver@googlecode.com/components/driver-component.js:10558)
	at <anonymous class>.WebDriverServer/<.handle(file:///var/folders/9x/0g2tgc69781972581972xqth0000gp/T/anonymous3670686623473726282webdriver-profile/extensions/fxdriver@googlecode.com/components/driver-component.js:12524)
	at <anonymous class>.createHandlerFunc/<(file:///var/folders/9x/0g2tgc69781972581972xqth0000gp/T/anonymous3670686623473726282webdriver-profile/extensions/fxdriver@googlecode.com/components/httpd.js:2054)
	at <anonymous class>.ServerHandler.prototype.handleResponse(file:///var/folders/9x/0g2tgc69781972581972xqth0000gp/T/anonymous3670686623473726282webdriver-profile/extensions/fxdriver@googlecode.com/components/httpd.js:2387)
	at <anonymous class>.Connection.prototype.process(file:///var/folders/9x/0g2tgc69781972581972xqth0000gp/T/anonymous3670686623473726282webdriver-profile/extensions/fxdriver@googlecode.com/components/httpd.js:1223)
	at <anonymous class>.RequestReader.prototype._handleResponse(file:///var/folders/9x/0g2tgc69781972581972xqth0000gp/T/anonymous3670686623473726282webdriver-profile/extensions/fxdriver@googlecode.com/components/httpd.js:1677)
	at <anonymous class>.RequestReader.prototype._processBody(file:///var/folders/9x/0g2tgc69781972581972xqth0000gp/T/anonymous3670686623473726282webdriver-profile/extensions/fxdriver@googlecode.com/components/httpd.js:1525)
	at <anonymous class>.RequestReader.prototype.onInputStreamReady(file:///var/folders/9x/0g2tgc69781972581972xqth0000gp/T/anonymous3670686623473726282webdriver-profile/extensions/fxdriver@googlecode.com/components/httpd.js:1393)
... Removed 27 stack frames]]>
    </failure>
  </testcase> <!-- @AfterTest close_browser -->
  <testcase name="businessFlowOne" time="5.137" classname="learning_selenium_testcases.CombinedTest">
    <failure type="org.openqa.selenium.NoSuchWindowException" message="Window not found. The browser window may have been closed.
Command duration or timeout: 8 milliseconds
Build info: version: &amp;apos;unknown&amp;apos;, revision: &amp;apos;2aa21c1&amp;apos;, time: &amp;apos;2016-08-02 14:59:43 -0700&amp;apos;
System info: host: &amp;apos;inrdivya.local&amp;apos;, ip: &amp;apos;10.133.22.112&amp;apos;, os.name: &amp;apos;Mac OS X&amp;apos;, os.arch: &amp;apos;x86_64&amp;apos;, os.version: &amp;apos;10.11.6&amp;apos;, java.version: &amp;apos;1.8.0_101&amp;apos;
Driver info: org.openqa.selenium.firefox.FirefoxDriver
Capabilities [{applicationCacheEnabled=true, rotatable=false, handlesAlerts=true, databaseEnabled=true, version=30.0, platform=MAC, browserConnectionEnabled=true, nativeEvents=false, acceptSslCerts=true, webStorageEnabled=true, locationContextEnabled=true, browserName=firefox, takesScreenshot=true, javascriptEnabled=true, cssSelectorsEnabled=true}]
Session ID: ac030646-97ee-1847-a66c-92d74d706176">
      <![CDATA[org.openqa.selenium.NoSuchWindowException: Window not found. The browser window may have been closed.
Command duration or timeout: 8 milliseconds
Build info: version: 'unknown', revision: '2aa21c1', time: '2016-08-02 14:59:43 -0700'
System info: host: 'inrdivya.local', ip: '10.133.22.112', os.name: 'Mac OS X', os.arch: 'x86_64', os.version: '10.11.6', java.version: '1.8.0_101'
Driver info: org.openqa.selenium.firefox.FirefoxDriver
Capabilities [{applicationCacheEnabled=true, rotatable=false, handlesAlerts=true, databaseEnabled=true, version=30.0, platform=MAC, browserConnectionEnabled=true, nativeEvents=false, acceptSslCerts=true, webStorageEnabled=true, locationContextEnabled=true, browserName=firefox, takesScreenshot=true, javascriptEnabled=true, cssSelectorsEnabled=true}]
Session ID: ac030646-97ee-1847-a66c-92d74d706176
	at org.openqa.selenium.remote.ErrorHandler.createThrowable(ErrorHandler.java:206)
	at org.openqa.selenium.remote.ErrorHandler.throwIfResponseFailed(ErrorHandler.java:158)
	at org.openqa.selenium.remote.RemoteWebDriver.execute(RemoteWebDriver.java:683)
	at org.openqa.selenium.remote.RemoteWebDriver.execute(RemoteWebDriver.java:706)
	at org.openqa.selenium.remote.RemoteWebDriver.getTitle(RemoteWebDriver.java:335)
	at learning_selenium_testcases.Firsttest.verifyPagesTest(Firsttest.java:41)
	at learning_selenium_testcases.CombinedTest.businessFlowOne(CombinedTest.java:87)
Caused by: org.openqa.selenium.NoSuchWindowException: Window not found. The browser window may have been closed.
Build info: version: 'unknown', revision: '2aa21c1', time: '2016-08-02 14:59:43 -0700'
System info: host: 'inrdivya.local', ip: '10.133.22.112', os.name: 'Mac OS X', os.arch: 'x86_64', os.version: '10.11.6', java.version: '1.8.0_101'
Driver info: driver.version: unknown
	at <anonymous class>.nsCommandProcessor.prototype.execute(file:///var/folders/9x/0g2tgc69781972581972xqth0000gp/T/anonymous3670686623473726282webdriver-profile/extensions/fxdriver@googlecode.com/components/command-processor.js:12737)
	at <anonymous class>.Dispatcher.executeAs/<(file:///var/folders/9x/0g2tgc69781972581972xqth0000gp/T/anonymous3670686623473726282webdriver-profile/extensions/fxdriver@googlecode.com/components/driver-component.js:10464)
	at <anonymous class>.Resource.prototype.handle(file:///var/folders/9x/0g2tgc69781972581972xqth0000gp/T/anonymous3670686623473726282webdriver-profile/extensions/fxdriver@googlecode.com/components/driver-component.js:10611)
	at <anonymous class>.Dispatcher.prototype.dispatch(file:///var/folders/9x/0g2tgc69781972581972xqth0000gp/T/anonymous3670686623473726282webdriver-profile/extensions/fxdriver@googlecode.com/components/driver-component.js:10558)
	at <anonymous class>.WebDriverServer/<.handle(file:///var/folders/9x/0g2tgc69781972581972xqth0000gp/T/anonymous3670686623473726282webdriver-profile/extensions/fxdriver@googlecode.com/components/driver-component.js:12524)
	at <anonymous class>.createHandlerFunc/<(file:///var/folders/9x/0g2tgc69781972581972xqth0000gp/T/anonymous3670686623473726282webdriver-profile/extensions/fxdriver@googlecode.com/components/httpd.js:2054)
	at <anonymous class>.ServerHandler.prototype.handleResponse(file:///var/folders/9x/0g2tgc69781972581972xqth0000gp/T/anonymous3670686623473726282webdriver-profile/extensions/fxdriver@googlecode.com/components/httpd.js:2387)
	at <anonymous class>.Connection.prototype.process(file:///var/folders/9x/0g2tgc69781972581972xqth0000gp/T/anonymous3670686623473726282webdriver-profile/extensions/fxdriver@googlecode.com/components/httpd.js:1223)
	at <anonymous class>.RequestReader.prototype._handleResponse(file:///var/folders/9x/0g2tgc69781972581972xqth0000gp/T/anonymous3670686623473726282webdriver-profile/extensions/fxdriver@googlecode.com/components/httpd.js:1677)
	at <anonymous class>.RequestReader.prototype._processBody(file:///var/folders/9x/0g2tgc69781972581972xqth0000gp/T/anonymous3670686623473726282webdriver-profile/extensions/fxdriver@googlecode.com/components/httpd.js:1525)
	at <anonymous class>.RequestReader.prototype.onInputStreamReady(file:///var/folders/9x/0g2tgc69781972581972xqth0000gp/T/anonymous3670686623473726282webdriver-profile/extensions/fxdriver@googlecode.com/components/httpd.js:1393)
... Removed 29 stack frames]]>
    </failure>
  </testcase> <!-- businessFlowOne -->
  <testcase name="businessFlowOne" time="0.008" classname="learning_selenium_testcases.CombinedTest">
    <failure type="org.openqa.selenium.NoSuchWindowException" message="Window not found. The browser window may have been closed.
Command duration or timeout: 7 milliseconds
Build info: version: &amp;apos;unknown&amp;apos;, revision: &amp;apos;2aa21c1&amp;apos;, time: &amp;apos;2016-08-02 14:59:43 -0700&amp;apos;
System info: host: &amp;apos;inrdivya.local&amp;apos;, ip: &amp;apos;10.133.22.112&amp;apos;, os.name: &amp;apos;Mac OS X&amp;apos;, os.arch: &amp;apos;x86_64&amp;apos;, os.version: &amp;apos;10.11.6&amp;apos;, java.version: &amp;apos;1.8.0_101&amp;apos;
Driver info: org.openqa.selenium.firefox.FirefoxDriver
Capabilities [{applicationCacheEnabled=true, rotatable=false, handlesAlerts=true, databaseEnabled=true, version=30.0, platform=MAC, browserConnectionEnabled=true, nativeEvents=false, acceptSslCerts=true, webStorageEnabled=true, locationContextEnabled=true, browserName=firefox, takesScreenshot=true, javascriptEnabled=true, cssSelectorsEnabled=true}]
Session ID: ac030646-97ee-1847-a66c-92d74d706176">
      <![CDATA[org.openqa.selenium.NoSuchWindowException: Window not found. The browser window may have been closed.
Command duration or timeout: 7 milliseconds
Build info: version: 'unknown', revision: '2aa21c1', time: '2016-08-02 14:59:43 -0700'
System info: host: 'inrdivya.local', ip: '10.133.22.112', os.name: 'Mac OS X', os.arch: 'x86_64', os.version: '10.11.6', java.version: '1.8.0_101'
Driver info: org.openqa.selenium.firefox.FirefoxDriver
Capabilities [{applicationCacheEnabled=true, rotatable=false, handlesAlerts=true, databaseEnabled=true, version=30.0, platform=MAC, browserConnectionEnabled=true, nativeEvents=false, acceptSslCerts=true, webStorageEnabled=true, locationContextEnabled=true, browserName=firefox, takesScreenshot=true, javascriptEnabled=true, cssSelectorsEnabled=true}]
Session ID: ac030646-97ee-1847-a66c-92d74d706176
	at org.openqa.selenium.remote.ErrorHandler.createThrowable(ErrorHandler.java:206)
	at org.openqa.selenium.remote.ErrorHandler.throwIfResponseFailed(ErrorHandler.java:158)
	at org.openqa.selenium.remote.RemoteWebDriver.execute(RemoteWebDriver.java:683)
	at org.openqa.selenium.remote.RemoteWebDriver.get(RemoteWebDriver.java:331)
	at learning_selenium_testcases.CombinedTest.businessFlowOne(CombinedTest.java:74)
Caused by: org.openqa.selenium.NoSuchWindowException: Window not found. The browser window may have been closed.
Build info: version: 'unknown', revision: '2aa21c1', time: '2016-08-02 14:59:43 -0700'
System info: host: 'inrdivya.local', ip: '10.133.22.112', os.name: 'Mac OS X', os.arch: 'x86_64', os.version: '10.11.6', java.version: '1.8.0_101'
Driver info: driver.version: unknown
	at <anonymous class>.nsCommandProcessor.prototype.execute(file:///var/folders/9x/0g2tgc69781972581972xqth0000gp/T/anonymous3670686623473726282webdriver-profile/extensions/fxdriver@googlecode.com/components/command-processor.js:12737)
	at <anonymous class>.Dispatcher.executeAs/<(file:///var/folders/9x/0g2tgc69781972581972xqth0000gp/T/anonymous3670686623473726282webdriver-profile/extensions/fxdriver@googlecode.com/components/driver-component.js:10464)
	at <anonymous class>.Resource.prototype.handle(file:///var/folders/9x/0g2tgc69781972581972xqth0000gp/T/anonymous3670686623473726282webdriver-profile/extensions/fxdriver@googlecode.com/components/driver-component.js:10611)
	at <anonymous class>.Dispatcher.prototype.dispatch(file:///var/folders/9x/0g2tgc69781972581972xqth0000gp/T/anonymous3670686623473726282webdriver-profile/extensions/fxdriver@googlecode.com/components/driver-component.js:10558)
	at <anonymous class>.WebDriverServer/<.handle(file:///var/folders/9x/0g2tgc69781972581972xqth0000gp/T/anonymous3670686623473726282webdriver-profile/extensions/fxdriver@googlecode.com/components/driver-component.js:12524)
	at <anonymous class>.createHandlerFunc/<(file:///var/folders/9x/0g2tgc69781972581972xqth0000gp/T/anonymous3670686623473726282webdriver-profile/extensions/fxdriver@googlecode.com/components/httpd.js:2054)
	at <anonymous class>.ServerHandler.prototype.handleResponse(file:///var/folders/9x/0g2tgc69781972581972xqth0000gp/T/anonymous3670686623473726282webdriver-profile/extensions/fxdriver@googlecode.com/components/httpd.js:2387)
	at <anonymous class>.Connection.prototype.process(file:///var/folders/9x/0g2tgc69781972581972xqth0000gp/T/anonymous3670686623473726282webdriver-profile/extensions/fxdriver@googlecode.com/components/httpd.js:1223)
	at <anonymous class>.RequestReader.prototype._handleResponse(file:///var/folders/9x/0g2tgc69781972581972xqth0000gp/T/anonymous3670686623473726282webdriver-profile/extensions/fxdriver@googlecode.com/components/httpd.js:1677)
	at <anonymous class>.RequestReader.prototype._processBody(file:///var/folders/9x/0g2tgc69781972581972xqth0000gp/T/anonymous3670686623473726282webdriver-profile/extensions/fxdriver@googlecode.com/components/httpd.js:1525)
	at <anonymous class>.RequestReader.prototype.onInputStreamReady(file:///var/folders/9x/0g2tgc69781972581972xqth0000gp/T/anonymous3670686623473726282webdriver-profile/extensions/fxdriver@googlecode.com/components/httpd.js:1393)
... Removed 29 stack frames]]>
    </failure>
  </testcase> <!-- businessFlowOne -->
</testsuite> <!-- combined test 2 -->
